[00:31:42] [ServerMain/INFO]: [bootstrap] Running Java 21 (OpenJDK 64-Bit Server VM 21.0.7+6-Ubuntu-0ubuntu124.04; Ubuntu null) on Linux 6.8.0-1027-azure (amd64)
[00:31:42] [ServerMain/INFO]: [bootstrap] Loading Paper 1.21.7-17-main@b4466ec (2025-07-06T18:59:07Z) for Minecraft 1.21.7
[00:31:42] [ServerMain/INFO]: [PluginInitializerManager] Initializing plugins...
[00:31:42] [Paper Plugin Remapper Thread - 0/INFO]: [ReobfServer] Remapping server...
[00:31:48] [Paper Plugin Remapper Thread - 0/INFO]: [ReobfServer] Done remapping server in 5868ms.
[00:31:48] [Paper Plugin Remapper Thread - 2/INFO]: [PluginRemapper] Remapping plugin 'plugins/SkinsRestorer.jar'...
[00:31:50] [Paper Plugin Remapper Thread - 2/INFO]: [PluginRemapper] Done remapping plugin 'plugins/SkinsRestorer.jar' in 1219ms.
[00:31:50] [ServerMain/INFO]: [PluginInitializerManager] Initialized 1 plugin
[00:31:50] [ServerMain/INFO]: [PluginInitializerManager] Bukkit plugins (1):
 - SkinsRestorer (15.7.7)
[00:31:55] [ServerMain/INFO]: Environment: Environment[sessionHost=https://sessionserver.mojang.com, servicesHost=https://api.minecraftservices.com, name=PROD]
[00:31:57] [ServerMain/INFO]: Loaded 1407 recipes
[00:31:57] [ServerMain/INFO]: Loaded 1520 advancements
[00:31:57] [ServerMain/INFO]: [ca.spottedleaf.dataconverter.minecraft.datatypes.MCTypeRegistry] Initialising converters for DataConverter...
[00:31:57] [ServerMain/INFO]: [ca.spottedleaf.dataconverter.minecraft.datatypes.MCTypeRegistry] Finished initialising converters for DataConverter in 381.1ms
[00:31:57] [Server thread/INFO]: Starting minecraft server version 1.21.7
[00:31:57] [Server thread/INFO]: Loading properties
[00:31:57] [Server thread/INFO]: This server is running Paper version 1.21.7-17-main@b4466ec (2025-07-06T18:59:07Z) (Implementing API version 1.21.7-R0.1-SNAPSHOT)
[00:31:57] [Server thread/INFO]: [spark] This server bundles the spark profiler. For more information please visit https://docs.papermc.io/paper/profiling
[00:31:58] [Server thread/INFO]: Using 4 threads for Netty based IO
[00:31:58] [Server thread/INFO]: Server Ping Player Sample Count: 12
[00:31:58] [Server thread/INFO]: [MoonriseCommon] Paper is using 1 worker threads, 1 I/O threads
[00:31:58] [Server thread/INFO]: [ChunkTaskScheduler] Chunk system is using population gen parallelism: true
[00:31:59] [Server thread/INFO]: Default game type: SURVIVAL
[00:31:59] [Server thread/INFO]: Generating keypair
[00:31:59] [Server thread/INFO]: Starting Minecraft server on *:25565
[00:31:59] [Server thread/INFO]: Using epoll channel type
[00:31:59] [Server thread/INFO]: Paper: Using libdeflate (Linux x86_64) compression from Velocity.
[00:31:59] [Server thread/INFO]: Paper: Using OpenSSL 3.x.x (Linux x86_64) cipher from Velocity.
[00:31:59] [Server thread/INFO]: [SkinsRestorer] Loading server plugin SkinsRestorer v15.7.7
[00:31:59] [Server thread/INFO]: Server permissions file permissions.yml is empty, ignoring it
[00:31:59] [Server thread/INFO]: [SkinsRestorer] Enabling SkinsRestorer v15.7.7
[00:32:00] [Server thread/INFO]: [SkinsRestorer] Running on Minecraft 1.21.7.
[00:32:01] [Server thread/INFO]: [SkinsRestorer] Using paper join listener!
[00:32:01] [Server thread/WARN]: **** SERVER IS RUNNING IN OFFLINE/INSECURE MODE!
[00:32:01] [Server thread/WARN]: The server will make no attempt to authenticate usernames. Beware.
[00:32:01] [Server thread/WARN]: While this makes the game possible to play without internet access, it also opens up the ability for hackers to connect with any username they choose.
[00:32:01] [Server thread/WARN]: To change this, set "online-mode" to "true" in the server.properties file.
[00:32:01] [Server thread/INFO]: Preparing level "world"
[00:32:01] [Folia Async Scheduler Thread #1/INFO]: [SkinsRestorer] ----------------------------------------------
[00:32:01] [Folia Async Scheduler Thread #1/INFO]: [SkinsRestorer]     +==================+
[00:32:01] [Folia Async Scheduler Thread #1/INFO]: [SkinsRestorer]     |   SkinsRestorer  |
[00:32:01] [Folia Async Scheduler Thread #1/INFO]: [SkinsRestorer]     |------------------|
[00:32:01] [Folia Async Scheduler Thread #1/INFO]: [SkinsRestorer]     |  Standalone Mode |
[00:32:01] [Folia Async Scheduler Thread #1/INFO]: [SkinsRestorer]     +==================+
[00:32:01] [Folia Async Scheduler Thread #1/INFO]: [SkinsRestorer] ----------------------------------------------
[00:32:01] [Folia Async Scheduler Thread #1/INFO]: [SkinsRestorer]     Version: 15.7.7
[00:32:01] [Folia Async Scheduler Thread #1/INFO]: [SkinsRestorer]     Commit: 7eff058
[00:32:01] [Folia Async Scheduler Thread #1/INFO]: [SkinsRestorer]     This is the latest version!
[00:32:01] [Folia Async Scheduler Thread #1/INFO]: [SkinsRestorer] ----------------------------------------------
[00:32:01] [Folia Async Scheduler Thread #1/INFO]: [SkinsRestorer] Do you have issues? Read our troubleshooting guide: https://skinsrestorer.net/docs/troubleshooting
[00:32:01] [Folia Async Scheduler Thread #1/INFO]: [SkinsRestorer] Want to support SkinsRestorer? Consider donating: https://skinsrestorer.net/donate
[00:32:02] [Server thread/INFO]: Preparing start region for dimension minecraft:overworld
[00:32:02] [Server thread/INFO]: Preparing spawn area: 0%
[00:32:02] [Server thread/INFO]: Preparing spawn area: 2%
[00:32:03] [Server thread/INFO]: Preparing spawn area: 73%
[00:32:03] [Server thread/INFO]: Time elapsed: 1040 ms
[00:32:03] [Server thread/INFO]: Preparing start region for dimension minecraft:the_nether
[00:32:03] [Server thread/INFO]: Preparing spawn area: 0%
[00:32:03] [Server thread/INFO]: Time elapsed: 268 ms
[00:32:03] [Server thread/INFO]: Preparing start region for dimension minecraft:the_end
[00:32:03] [Server thread/INFO]: Preparing spawn area: 0%
[00:32:03] [Server thread/INFO]: Time elapsed: 173 ms
[00:32:03] [Server thread/INFO]: [spark] Starting background profiler...
[00:32:04] [Server thread/INFO]: Done preparing level "world" (2.858s)
[00:32:04] [Server thread/INFO]: Running delayed init tasks
[00:32:04] [Server thread/INFO]: Done (23.003s)! For help, type "help"
[00:32:04] [Server thread/INFO]: Unknown or incomplete command, see below for error
home/codespace/.python/current/bin/python "/workspaces/PoniPibardos/msx (1).py"<--[HERE]
[00:32:34] [User Authenticator #0/INFO]: UUID of player Santix15 is 1f8cbd0f-e34f-3631-ad78-ab523f2938ae
[00:32:34] [Server thread/INFO]: [HorriblePlayerLoginEventHack] You have plugins listening to the PlayerLoginEvent, this will cause re-configuration APIs to be unavailable: [SkinsRestorer]
[00:32:34] [Server thread/WARN]: Ignored advancement 'minecraft:recipes/building_blocks/dye_red_carpet' in progress file ./world/advancements/1f8cbd0f-e34f-3631-ad78-ab523f2938ae.json - it doesn't exist anymore?
[00:32:34] [Server thread/WARN]: Ignored advancement 'minecraft:recipes/building_blocks/dye_red_bed' in progress file ./world/advancements/1f8cbd0f-e34f-3631-ad78-ab523f2938ae.json - it doesn't exist anymore?
[00:32:34] [Server thread/WARN]: Ignored advancement 'minecraft:recipes/building_blocks/dye_blue_carpet' in progress file ./world/advancements/1f8cbd0f-e34f-3631-ad78-ab523f2938ae.json - it doesn't exist anymore?
[00:32:34] [Server thread/WARN]: Ignored advancement 'minecraft:recipes/building_blocks/dye_blue_bed' in progress file ./world/advancements/1f8cbd0f-e34f-3631-ad78-ab523f2938ae.json - it doesn't exist anymore?
[00:32:34] [Server thread/WARN]: Ignored advancement 'minecraft:recipes/building_blocks/dye_white_bed' in progress file ./world/advancements/1f8cbd0f-e34f-3631-ad78-ab523f2938ae.json - it doesn't exist anymore?
[00:32:34] [Server thread/WARN]: Ignored advancement 'minecraft:recipes/building_blocks/dye_white_carpet' in progress file ./world/advancements/1f8cbd0f-e34f-3631-ad78-ab523f2938ae.json - it doesn't exist anymore?
[00:32:34] [Server thread/WARN]: Ignored advancement 'minecraft:recipes/building_blocks/dye_light_gray_carpet' in progress file ./world/advancements/1f8cbd0f-e34f-3631-ad78-ab523f2938ae.json - it doesn't exist anymore?
[00:32:34] [Server thread/WARN]: Ignored advancement 'minecraft:recipes/building_blocks/dye_light_gray_bed' in progress file ./world/advancements/1f8cbd0f-e34f-3631-ad78-ab523f2938ae.json - it doesn't exist anymore?
[00:32:34] [Server thread/WARN]: Ignored advancement 'minecraft:recipes/building_blocks/dye_yellow_carpet' in progress file ./world/advancements/1f8cbd0f-e34f-3631-ad78-ab523f2938ae.json - it doesn't exist anymore?
[00:32:34] [Server thread/WARN]: Ignored advancement 'minecraft:recipes/building_blocks/dye_yellow_bed' in progress file ./world/advancements/1f8cbd0f-e34f-3631-ad78-ab523f2938ae.json - it doesn't exist anymore?
[00:32:36] [Server thread/INFO]: Santix15 joined the game
[00:32:37] [Server thread/INFO]: Santix15[/127.19.82.212:60339] logged in with entity id 22 at ([world]-952.3584893068345, 182.0, -191.58565810652814)
[00:40:15] [Server thread/INFO]: Santix15 issued server command: /gamemode creative
[00:40:15] [Server thread/INFO]: [Santix15: Set own game mode to Creative Mode]
[00:44:30] [Server thread/INFO]: Santix15 issued server command: /gamemode survival
[00:44:30] [Server thread/INFO]: [Santix15: Set own game mode to Survival Mode]
[00:44:37] [Server thread/INFO]: Santix15 issued server command: /time set day
[00:44:37] [Server thread/INFO]: [Santix15: Set the time to 1000]
[00:49:02] [Server thread/WARN]: Oak Boat (vehicle of Santix15) moved wrongly! 0.26764853512599984
[01:17:37] [Server thread/WARN]: Santix15 moved too quickly! -25.178276267358967,5.832203353366751,-14.213213526841969
[01:17:40] [Server thread/INFO]: Santix15 lost connection: Disconnected
[01:17:40] [Server thread/INFO]: Santix15 left the game
[01:18:07] [User Authenticator #1/INFO]: UUID of player Santix15 is 1f8cbd0f-e34f-3631-ad78-ab523f2938ae
[01:18:10] [Server thread/INFO]: Santix15 joined the game
[01:18:10] [Server thread/INFO]: Santix15[/127.19.82.212:39143] logged in with entity id 9651 at ([world]-256.32296936872217, 67.0, 820.4338195485209)
[01:32:28] [Server thread/INFO]: Santix15 lost connection: Disconnected
[01:32:28] [Server thread/INFO]: Santix15 left the game
[01:34:49] [User Authenticator #2/INFO]: UUID of player Santix15 is 1f8cbd0f-e34f-3631-ad78-ab523f2938ae
[01:35:07] [Server thread/INFO]: Santix15 joined the game
[01:35:07] [Server thread/INFO]: Santix15[/127.19.82.212:45679] logged in with entity id 13948 at ([world]-957.6999999880791, 182.0, -191.59054425781932)
[01:49:44] [Server thread/INFO]: Santix15 issued server command: /give Santix15 minecraft:chest 1
[01:49:44] [Server thread/INFO]: [Santix15: Gave 1 [Chest] to Santix15]
